==1534868== Memcheck, a memory error detector
==1534868== Copyright (C) 2002-2017, and GNU GPL'd, by Julian Seward et al.
==1534868== Using Valgrind-3.18.1 and LibVEX; rerun with -h for copyright info
==1534868== Command: ./debug
==1534868== Parent PID: 1534066
==1534868== 
==1534868== Conditional jump or move depends on uninitialised value(s)
==1534868==    at 0x4018B0: main (.test.c:27)
==1534868==  Uninitialised value was created by a stack allocation
==1534868==    at 0x401880: main (.test.c:18)
==1534868== 
==1534868== 
==1534868== HEAP SUMMARY:
==1534868==     in use at exit: 0 bytes in 0 blocks
==1534868==   total heap usage: 9 allocs, 9 frees, 394,760 bytes allocated
==1534868== 
==1534868== All heap blocks were freed -- no leaks are possible
==1534868== 
==1534868== For lists of detected and suppressed errors, rerun with: -s
==1534868== ERROR SUMMARY: 1 errors from 1 contexts (suppressed: 0 from 0)
